<?xml version="1.0" encoding="UTF-8"?>
<testsuites name="jest tests" tests="14" failures="0" errors="0" time="8.279">
  <testsuite name="undefined" errors="0" failures="0" skipped="0" timestamp="2022-10-25T19:36:50" time="6.975" tests="3">
    <testcase classname=" Parent element receives `checked=&quot;mixed&quot;` state when some (but not all) children are checked" name=" Parent element receives `checked=&quot;mixed&quot;` state when some (but not all) children are checked" time="0.199">
    </testcase>
    <testcase classname=" Parent element receives `checked=&quot;true&quot;` state all children are checked" name=" Parent element receives `checked=&quot;true&quot;` state all children are checked" time="0.093">
    </testcase>
    <testcase classname=" Clicking Parent element toggles all children" name=" Clicking Parent element toggles all children" time="0.077">
    </testcase>
  </testsuite>
  <testsuite name="Checkbox" errors="0" failures="0" skipped="0" timestamp="2022-10-25T19:36:50" time="7.354" tests="11">
    <testcase classname="Checkbox renders" name="Checkbox renders" time="0.15">
    </testcase>
    <testcase classname="Checkbox checked" name="Checkbox checked" time="0.069">
    </testcase>
    <testcase classname="Checkbox mixed" name="Checkbox mixed" time="0.058">
    </testcase>
    <testcase classname="Checkbox disabled" name="Checkbox disabled" time="0.041">
    </testcase>
    <testcase classname="Checkbox disabled &amp; checked" name="Checkbox disabled &amp; checked" time="0.04">
    </testcase>
    <testcase classname="Checkbox Accepts defaultChecked prop, and toggles value without change handler" name="Checkbox Accepts defaultChecked prop, and toggles value without change handler" time="0.046">
    </testcase>
    <testcase classname="Checkbox Accepts checked prop, and is readOnly without a change handler" name="Checkbox Accepts checked prop, and is readOnly without a change handler" time="0.043">
    </testcase>
    <testcase classname="Checkbox Triggers onChange handler" name="Checkbox Triggers onChange handler" time="0.054">
    </testcase>
    <testcase classname="Checkbox Checkbox readOnly doesn&apos;t register change events" name="Checkbox Checkbox readOnly doesn&apos;t register change events" time="0.056">
    </testcase>
    <testcase classname="Checkbox Supports aria-describedby" name="Checkbox Supports aria-describedby" time="0.035">
    </testcase>
    <testcase classname="Checkbox ripple effect" name="Checkbox ripple effect" time="0.065">
    </testcase>
  </testsuite>
</testsuites>